This is pdfTeX, Version 3.1415926-2.3-1.40.12 (Web2C 2011) (format=pdflatex 2012.9.13)  28 SEP 2012 01:45
entering extended mode
 restricted \write18 enabled.
 %&-line parsing enabled.
**C:/Users/Gabriel/Documents/Schule/PPM/Noctua/Dokumentation/Diplomarbeit/Diplo
marbeit_KOPG_TGM.tex

(c:/Users/Gabriel/Documents/Schule/PPM/Noctua/Dokumentation/Diplomarbeit/Diplom
arbeit_KOPG_TGM.tex
LaTeX2e <2009/09/24>
Babel <v3.8l> and hyphenation patterns for english, dumylang, nohyphenation, ge
rman-x-2009-06-19, ngerman-x-2009-06-19, afrikaans, ancientgreek, ibycus, arabi
c, armenian, basque, bulgarian, catalan, pinyin, coptic, croatian, czech, danis
h, dutch, ukenglish, usenglishmax, esperanto, estonian, ethiopic, farsi, finnis
h, french, galician, german, ngerman, swissgerman, monogreek, greek, hungarian,
 icelandic, assamese, bengali, gujarati, hindi, kannada, malayalam, marathi, or
iya, panjabi, tamil, telugu, indonesian, interlingua, irish, italian, kurmanji,
 lao, latin, latvian, lithuanian, mongolian, mongolianlmc, bokmal, nynorsk, pol
ish, portuguese, romanian, russian, sanskrit, serbian, serbianc, slovak, sloven
ian, spanish, swedish, turkish, turkmen, ukrainian, uppersorbian, welsh, loaded
.
(c:/texlive/2011/texmf-dist/tex/latex/base/book.cls
Document Class: book 2007/10/19 v1.4h Standard LaTeX document class
(c:/texlive/2011/texmf-dist/tex/latex/base/bk12.clo
File: bk12.clo 2007/10/19 v1.4h Standard LaTeX file (size option)
)
\c@part=\count79
\c@chapter=\count80
\c@section=\count81
\c@subsection=\count82
\c@subsubsection=\count83
\c@paragraph=\count84
\c@subparagraph=\count85
\c@figure=\count86
\c@table=\count87
\abovecaptionskip=\skip41
\belowcaptionskip=\skip42
\bibindent=\dimen102
)
(c:/texlive/2011/texmf-dist/tex/latex/ntgclass/a4.sty
Package: a4 2004/04/15 v1.2g A4 based page layout
)
(c:/texlive/2011/texmf-dist/tex/generic/babel/babel.sty
Package: babel 2008/07/06 v3.8l The Babel package

(c:/texlive/2011/texmf-dist/tex/generic/babel/english.ldf
Language: english 2005/03/30 v3.3o English support from the babel system

(c:/texlive/2011/texmf-dist/tex/generic/babel/babel.def
File: babel.def 2008/07/06 v3.8l Babel common definitions
\babel@savecnt=\count88
\U@D=\dimen103
)
\l@canadian = a dialect from \language\l@american 
\l@australian = a dialect from \language\l@british 
\l@newzealand = a dialect from \language\l@british 
)
(c:/texlive/2011/texmf-dist/tex/generic/babel/ngermanb.ldf
Language: ngermanb 2008/07/06 v2.6n new German support from the babel system
\l@naustrian = a dialect from \language\l@ngerman 
Package babel Info: Making " an active character on input line 92.
))
(c:/texlive/2011/texmf-dist/tex/latex/base/inputenc.sty
Package: inputenc 2008/03/30 v1.1d Input encoding file
\inpenc@prehook=\toks14
\inpenc@posthook=\toks15

(c:/texlive/2011/texmf-dist/tex/latex/base/latin1.def
File: latin1.def 2008/03/30 v1.1d Input encoding file
))
(c:/texlive/2011/texmf-dist/tex/latex/base/fontenc.sty
Package: fontenc 2005/09/27 v1.99g Standard LaTeX package

(c:/texlive/2011/texmf-dist/tex/latex/base/t1enc.def
File: t1enc.def 2005/09/27 v1.99g Standard LaTeX file
LaTeX Font Info:    Redeclaring font encoding T1 on input line 43.
))
(c:/texlive/2011/texmf-dist/tex/latex/amsfonts/amssymb.sty
Package: amssymb 2009/06/22 v3.00

(c:/texlive/2011/texmf-dist/tex/latex/amsfonts/amsfonts.sty
Package: amsfonts 2009/06/22 v3.00 Basic AMSFonts support
\@emptytoks=\toks16
\symAMSa=\mathgroup4
\symAMSb=\mathgroup5
LaTeX Font Info:    Overwriting math alphabet `\mathfrak' in version `bold'
(Font)                  U/euf/m/n --> U/euf/b/n on input line 96.
))
(c:/texlive/2011/texmf-dist/tex/latex/amsmath/amsmath.sty
Package: amsmath 2000/07/18 v2.13 AMS math features
\@mathmargin=\skip43

For additional information on amsmath, use the `?' option.
(c:/texlive/2011/texmf-dist/tex/latex/amsmath/amstext.sty
Package: amstext 2000/06/29 v2.01

(c:/texlive/2011/texmf-dist/tex/latex/amsmath/amsgen.sty
File: amsgen.sty 1999/11/30 v2.0
\@emptytoks=\toks17
\ex@=\dimen104
))
(c:/texlive/2011/texmf-dist/tex/latex/amsmath/amsbsy.sty
Package: amsbsy 1999/11/29 v1.2d
\pmbraise@=\dimen105
)
(c:/texlive/2011/texmf-dist/tex/latex/amsmath/amsopn.sty
Package: amsopn 1999/12/14 v2.01 operator names
)
\inf@bad=\count89
LaTeX Info: Redefining \frac on input line 211.
\uproot@=\count90
\leftroot@=\count91
LaTeX Info: Redefining \overline on input line 307.
\classnum@=\count92
\DOTSCASE@=\count93
LaTeX Info: Redefining \ldots on input line 379.
LaTeX Info: Redefining \dots on input line 382.
LaTeX Info: Redefining \cdots on input line 467.
\Mathstrutbox@=\box26
\strutbox@=\box27
\big@size=\dimen106
LaTeX Font Info:    Redeclaring font encoding OML on input line 567.
LaTeX Font Info:    Redeclaring font encoding OMS on input line 568.
\macc@depth=\count94
\c@MaxMatrixCols=\count95
\dotsspace@=\muskip10
\c@parentequation=\count96
\dspbrk@lvl=\count97
\tag@help=\toks18
\row@=\count98
\column@=\count99
\maxfields@=\count100
\andhelp@=\toks19
\eqnshift@=\dimen107
\alignsep@=\dimen108
\tagshift@=\dimen109
\tagwidth@=\dimen110
\totwidth@=\dimen111
\lineht@=\dimen112
\@envbody=\toks20
\multlinegap=\skip44
\multlinetaggap=\skip45
\mathdisplay@stack=\toks21
LaTeX Info: Redefining \[ on input line 2666.
LaTeX Info: Redefining \] on input line 2667.
)
(c:/texlive/2011/texmf-dist/tex/latex/fncychap/fncychap.sty
Package: fncychap 2007/07/30 v1.34 LaTeX package (Revised chapters)
\RW=\skip46
\mylen=\skip47
\myhi=\skip48
\px=\skip49
\py=\skip50
\pyy=\skip51
\pxx=\skip52
)
(c:/texlive/2011/texmf-dist/tex/latex/nomencl/nomencl.sty
Package: nomencl 2005/09/22 v4.2 Nomenclature package (LN)
\nomlabelwidth=\dimen113
\nom@tempdim=\dimen114
\nomitemsep=\skip53
)
(c:/texlive/2011/texmf-dist/tex/latex/base/makeidx.sty
Package: makeidx 2000/03/29 v1.0m Standard LaTeX package
)
(c:/texlive/2011/texmf-dist/tex/latex/graphics/graphicx.sty
Package: graphicx 1999/02/16 v1.0f Enhanced LaTeX Graphics (DPC,SPQR)

(c:/texlive/2011/texmf-dist/tex/latex/graphics/keyval.sty
Package: keyval 1999/03/16 v1.13 key=value parser (DPC)
\KV@toks@=\toks22
)
(c:/texlive/2011/texmf-dist/tex/latex/graphics/graphics.sty
Package: graphics 2009/02/05 v1.0o Standard LaTeX Graphics (DPC,SPQR)

(c:/texlive/2011/texmf-dist/tex/latex/graphics/trig.sty
Package: trig 1999/03/16 v1.09 sin cos tan (DPC)
)
(c:/texlive/2011/texmf-dist/tex/latex/latexconfig/graphics.cfg
File: graphics.cfg 2010/04/23 v1.9 graphics configuration of TeX Live
)
Package graphics Info: Driver file: pdftex.def on input line 91.

(c:/texlive/2011/texmf-dist/tex/latex/pdftex-def/pdftex.def
File: pdftex.def 2011/05/27 v0.06d Graphics/color for pdfTeX

(c:/texlive/2011/texmf-dist/tex/generic/oberdiek/infwarerr.sty
Package: infwarerr 2010/04/08 v1.3 Providing info/warning/message (HO)
)
(c:/texlive/2011/texmf-dist/tex/generic/oberdiek/ltxcmds.sty
Package: ltxcmds 2011/04/18 v1.20 LaTeX kernel commands for general use (HO)
)
\Gread@gobject=\count101
))
\Gin@req@height=\dimen115
\Gin@req@width=\dimen116
)
(c:/texlive/2011/texmf-dist/tex/latex/psfrag/psfrag.sty
Package: psfrag 1998/04/11 v3.04 PSfrag (MCG)
\pfg@pcount=\count102
\pfg@scount=\count103
\pfg@temp=\write3
)
(c:/texlive/2011/texmf-dist/tex/latex/graphics/color.sty
Package: color 2005/11/14 v1.0j Standard LaTeX Color (DPC)

(c:/texlive/2011/texmf-dist/tex/latex/latexconfig/color.cfg
File: color.cfg 2007/01/18 v1.5 color configuration of teTeX/TeXLive
)
Package color Info: Driver file: pdftex.def on input line 130.
)
(c:/texlive/2011/texmf-dist/tex/latex/units/nicefrac.sty
Package: nicefrac 1998/08/04 v0.9b Nice fractions
\L@UnitsRaiseDisplaystyle=\skip54
\L@UnitsRaiseTextstyle=\skip55
\L@UnitsRaiseScriptstyle=\skip56

(c:/texlive/2011/texmf-dist/tex/latex/base/ifthen.sty
Package: ifthen 2001/05/26 v1.1c Standard LaTeX ifthen package (DPC)
))
(c:/texlive/2011/texmf-dist/tex/latex/fancyhdr/fancyhdr.sty
\fancy@headwidth=\skip57
\f@ncyO@elh=\skip58
\f@ncyO@erh=\skip59
\f@ncyO@olh=\skip60
\f@ncyO@orh=\skip61
\f@ncyO@elf=\skip62
\f@ncyO@erf=\skip63
\f@ncyO@olf=\skip64
\f@ncyO@orf=\skip65
)
(c:/texlive/2011/texmf-dist/tex/latex/subfigure/subfigure.sty
Package: subfigure 2002/03/15 v2.1.5 subfigure package
\subfigtopskip=\skip66
\subfigcapskip=\skip67
\subfigcaptopadj=\dimen117
\subfigbottomskip=\skip68
\subfigcapmargin=\dimen118
\subfiglabelskip=\skip69
\c@subfigure=\count104
\c@lofdepth=\count105
\c@subtable=\count106
\c@lotdepth=\count107

****************************************
* Local config file subfigure.cfg used *
****************************************
(c:/texlive/2011/texmf-dist/tex/latex/subfigure/subfigure.cfg)
\subfig@top=\skip70
\subfig@bottom=\skip71
)
(c:/texlive/2011/texmf-dist/tex/latex/glossaries/base/glossaries.sty
Package: glossaries 2011/04/12 v3.01 (NLCT)

(c:/texlive/2011/texmf-dist/tex/latex/xkeyval/xkeyval.sty
Package: xkeyval 2008/08/13 v2.6a package option processing (HA)

(c:/texlive/2011/texmf-dist/tex/generic/xkeyval/xkeyval.tex
\XKV@toks=\toks23
\XKV@tempa@toks=\toks24
\XKV@depth=\count108
File: xkeyval.tex 2008/08/13 v2.6a key=value parser (HA)
))
(c:/texlive/2011/texmf-dist/tex/latex/glossaries/base/mfirstuc.sty
Package: mfirstuc 2011/04/02 v1.05 (NLCT)
\@glsmfirst=\toks25
\@glsmrest=\toks26
)
(c:/texlive/2011/texmf-dist/tex/latex/xfor/xfor.sty
Package: xfor 2009/02/05 v1.05 (NLCT)
)
(c:/texlive/2011/texmf-dist/tex/latex/etoolbox/etoolbox.sty
Package: etoolbox 2011/01/03 v2.1 e-TeX tools for LaTeX

(c:/texlive/2011/texmf-dist/tex/latex/etex-pkg/etex.sty
Package: etex 1998/03/26 v2.0 eTeX basic definition package (PEB)
\et@xins=\count109
)
\etb@tempcnta=\count110
)
(c:/texlive/2011/texmf-dist/tex/latex/beamer/translator/translator.sty
Package: translator 2010/06/12 ver 1.10

(c:/texlive/2011/texmf-dist/tex/latex/beamer/translator/translator-language-map
pings.tex))
\gls@level=\count111
\@gls@tmpb=\toks27
\gls@tmplen=\skip72
\glswrite=\write4
\glskeylisttok=\toks28
\glslabeltok=\toks29
\glsshorttok=\toks30
\glslongtok=\toks31

(c:/texlive/2011/texmf-dist/tex/latex/glossaries/styles/glossary-hypernav.sty
Package: glossary-hypernav 2007/07/04 v1.01 (NLCT)
)
(c:/texlive/2011/texmf-dist/tex/latex/glossaries/styles/glossary-list.sty
Package: glossary-list 2011/03/28 v3.0 (NLCT)
\glslistdottedwidth=\skip73
)
(c:/texlive/2011/texmf-dist/tex/latex/glossaries/styles/glossary-long.sty
Package: glossary-long 2011/03/28 v3.0 (NLCT)

(c:/texlive/2011/texmf-dist/tex/latex/tools/longtable.sty
Package: longtable 2004/02/01 v4.11 Multi-page Table package (DPC)
\LTleft=\skip74
\LTright=\skip75
\LTpre=\skip76
\LTpost=\skip77
\LTchunksize=\count112
\LTcapwidth=\dimen119
\LT@head=\box28
\LT@firsthead=\box29
\LT@foot=\box30
\LT@lastfoot=\box31
\LT@cols=\count113
\LT@rows=\count114
\c@LT@tables=\count115
\c@LT@chunks=\count116
\LT@p@ftn=\toks32
)
\glsdescwidth=\skip78
\glspagelistwidth=\skip79
)
(c:/texlive/2011/texmf-dist/tex/latex/glossaries/styles/glossary-super.sty
Package: glossary-super 2011/03/28 v3.0 (NLCT)

(c:/texlive/2011/texmf-dist/tex/latex/supertabular/supertabular.sty
Package: supertabular 2004/02/20 v4.1e the supertabular environment
\c@tracingst=\count117
\ST@wd=\dimen120
\ST@rightskip=\skip80
\ST@leftskip=\skip81
\ST@parfillskip=\skip82
\ST@pageleft=\dimen121
\ST@headht=\dimen122
\ST@tailht=\dimen123
\ST@pagesofar=\dimen124
\ST@pboxht=\dimen125
\ST@lineht=\dimen126
\ST@stretchht=\dimen127
\ST@prevht=\dimen128
\ST@toadd=\dimen129
\ST@dimen=\dimen130
\ST@pbox=\box32
))
(c:/texlive/2011/texmf-dist/tex/latex/glossaries/styles/glossary-tree.sty
Package: glossary-tree 2011/03/28 v3.0 (NLCT)
\glstreeindent=\skip83
))
(c:/texlive/2011/texmf-dist/tex/latex/cite/cite.sty
LaTeX Info: Redefining \cite on input line 302.
LaTeX Info: Redefining \nocite on input line 373.
Package: cite 2010/09/10  v 5.3
)
(c:/texlive/2011/texmf-dist/tex/latex/listings/listings.sty
\lst@mode=\count118
\lst@gtempboxa=\box33
\lst@token=\toks33
\lst@length=\count119
\lst@currlwidth=\dimen131
\lst@column=\count120
\lst@pos=\count121
\lst@lostspace=\dimen132
\lst@width=\dimen133
\lst@newlines=\count122
\lst@lineno=\count123
\lst@maxwidth=\dimen134

(c:/texlive/2011/texmf-dist/tex/latex/listings/lstmisc.sty
File: lstmisc.sty 2007/02/22 1.4 (Carsten Heinz)
\c@lstnumber=\count124
\lst@skipnumbers=\count125
\lst@framebox=\box34
)
(c:/texlive/2011/texmf-dist/tex/latex/listings/listings.cfg
File: listings.cfg 2007/02/22 1.4 listings configuration
))
Package: listings 2007/02/22 1.4 (Carsten Heinz)

(c:/texlive/2011/texmf-dist/tex/latex/xcolor/xcolor.sty
Package: xcolor 2007/01/21 v2.11 LaTeX color extensions (UK)

(c:/texlive/2011/texmf-dist/tex/latex/latexconfig/color.cfg
File: color.cfg 2007/01/18 v1.5 color configuration of teTeX/TeXLive
)
Package xcolor Info: Driver file: pdftex.def on input line 225.
LaTeX Info: Redefining \color on input line 702.
Package xcolor Info: Model `cmy' substituted by `cmy0' on input line 1337.
Package xcolor Info: Model `hsb' substituted by `rgb' on input line 1341.
Package xcolor Info: Model `RGB' extended on input line 1353.
Package xcolor Info: Model `HTML' substituted by `rgb' on input line 1355.
Package xcolor Info: Model `Hsb' substituted by `hsb' on input line 1356.
Package xcolor Info: Model `tHsb' substituted by `hsb' on input line 1357.
Package xcolor Info: Model `HSB' substituted by `hsb' on input line 1358.
Package xcolor Info: Model `Gray' substituted by `gray' on input line 1359.
Package xcolor Info: Model `wave' substituted by `hsb' on input line 1360.

(c:/texlive/2011/texmf-dist/tex/latex/graphics/dvipsnam.def
File: dvipsnam.def 1999/02/16 v3.0i Driver-dependant file (DPC,SPQR)
))
(c:/texlive/2011/texmf-dist/tex/latex/rotating/rotating.sty
Package: rotating 2009/03/28 v2.16a rotated objects in LaTeX
\c@r@tfl@t=\count126
\rotFPtop=\skip84
\rotFPbot=\skip85
\rot@float@box=\box35
\rot@mess@toks=\toks34
)
(c:/texlive/2011/texmf-dist/tex/latex/multirow/multirow.sty
\bigstrutjot=\dimen135
)
(./tex/acronyms.tex)
(c:/texlive/2011/texmf-dist/tex/latex/hyperref/hyperref.sty
Package: hyperref 2011/04/17 v6.82g Hypertext links for LaTeX

(c:/texlive/2011/texmf-dist/tex/generic/oberdiek/hobsub-hyperref.sty
Package: hobsub-hyperref 2011/04/23 v1.4 Bundle oberdiek, subset hyperref (HO)

(c:/texlive/2011/texmf-dist/tex/generic/oberdiek/hobsub-generic.sty
Package: hobsub-generic 2011/04/23 v1.4 Bundle oberdiek, subset generic (HO)
Package: hobsub 2011/04/23 v1.4 Subsetting bundle oberdiek (HO)
Package hobsub Info: Skipping package `infwarerr' (already loaded).
Package hobsub Info: Skipping package `ltxcmds' (already loaded).
Package: ifluatex 2010/03/01 v1.3 Provides the ifluatex switch (HO)
Package ifluatex Info: LuaTeX not detected.
Package: ifvtex 2010/03/01 v1.5 Switches for detecting VTeX and its modes (HO)
Package ifvtex Info: VTeX not detected.
Package: intcalc 2007/09/27 v1.1 Expandable integer calculations (HO)
Package: ifpdf 2011/01/30 v2.3 Provides the ifpdf switch (HO)
Package ifpdf Info: pdfTeX in PDF mode is detected.
Package: etexcmds 2011/02/16 v1.5 Prefix for e-TeX command names (HO)
Package etexcmds Info: Could not find \expanded.
(etexcmds)             That can mean that you are not using pdfTeX 1.50 or
(etexcmds)             that some package has redefined \expanded.
(etexcmds)             In the latter case, load this package earlier.
Package: kvsetkeys 2011/04/07 v1.13 Key value parser (HO)
Package: kvdefinekeys 2011/04/07 v1.3 Defining keys (HO)
Package: pdftexcmds 2011/04/22 v0.16 Utilities of pdfTeX for LuaTeX (HO)
Package pdftexcmds Info: LuaTeX not detected.
Package pdftexcmds Info: \pdf@primitive is available.
Package pdftexcmds Info: \pdf@ifprimitive is available.
Package pdftexcmds Info: \pdfdraftmode found.
Package: pdfescape 2011/04/04 v1.12 Provides string conversions (HO)
Package: bigintcalc 2011/01/30 v1.2 Expandable big integer calculations (HO)
Package: bitset 2011/01/30 v1.1 Data type bit set (HO)
Package: uniquecounter 2011/01/30 v1.2 Provides unlimited unique counter (HO)
)
Package hobsub Info: Skipping package `hobsub' (already loaded).
Package: letltxmacro 2010/09/02 v1.4 Let assignment for LaTeX macros (HO)
Package: hopatch 2011/01/30 v1.0 Wrapper for package hooks (HO)
Package: xcolor-patch 2011/01/30 xcolor patch
Package: atveryend 2011/04/23 v1.7 Hooks at very end of document (HO)
Package: atbegshi 2011/01/30 v1.15 At begin shipout hook (HO)
Package: refcount 2010/12/01 v3.2 Data extraction from references (HO)
Package: hycolor 2011/01/30 v1.7 Color options of hyperref/bookmark (HO)
)
(c:/texlive/2011/texmf-dist/tex/generic/ifxetex/ifxetex.sty
Package: ifxetex 2010/09/12 v0.6 Provides ifxetex conditional
)
(c:/texlive/2011/texmf-dist/tex/latex/oberdiek/kvoptions.sty
Package: kvoptions 2010/12/23 v3.10 Keyval support for LaTeX options (HO)
)
\@linkdim=\dimen136
\Hy@linkcounter=\count127
\Hy@pagecounter=\count128

(c:/texlive/2011/texmf-dist/tex/latex/hyperref/pd1enc.def
File: pd1enc.def 2011/04/17 v6.82g Hyperref: PDFDocEncoding definition (HO)
)
\Hy@SavedSpaceFactor=\count129

(c:/texlive/2011/texmf-dist/tex/latex/latexconfig/hyperref.cfg
File: hyperref.cfg 2002/06/06 v1.2 hyperref configuration of TeXLive
)
Package hyperref Info: Option `final' set `true' on input line 3905.


Package hyperref Warning: Unexpected value for option `pdftex'
(hyperref)                is ignored on input line 3905.

Package hyperref Info: Option `bookmarksopen' set `true' on input line 3905.
Package hyperref Info: Option `colorlinks' set `true' on input line 3905.
Package hyperref Info: Option `breaklinks' set `true' on input line 3905.
Package hyperref Info: Hyper figures OFF on input line 4026.
Package hyperref Info: Link nesting OFF on input line 4031.
Package hyperref Info: Hyper index ON on input line 4034.
Package hyperref Info: Plain pages OFF on input line 4041.
Package hyperref Info: Backreferencing OFF on input line 4046.
Package hyperref Info: Implicit mode ON; LaTeX internals redefined.
Package hyperref Info: Bookmarks ON on input line 4264.
\c@Hy@tempcnt=\count130
(c:/texlive/2011/texmf-dist/tex/latex/url/url.sty
\Urlmuskip=\muskip11
Package: url 2006/04/12  ver 3.3  Verb mode for urls, etc.
)
LaTeX Info: Redefining \url on input line 4617.
\Fld@menulength=\count131
\Field@Width=\dimen137
\Fld@charsize=\dimen138
Package hyperref Info: Hyper figures OFF on input line 5701.
Package hyperref Info: Link nesting OFF on input line 5706.
Package hyperref Info: Hyper index ON on input line 5709.
Package hyperref Info: backreferencing OFF on input line 5716.
Package hyperref Info: Link coloring ON on input line 5719.
Package hyperref Info: Link coloring with OCG OFF on input line 5726.
Package hyperref Info: PDF/A mode OFF on input line 5731.
LaTeX Info: Redefining \ref on input line 5771.
LaTeX Info: Redefining \pageref on input line 5775.
\Hy@abspage=\count132
\c@Item=\count133
\c@Hfootnote=\count134
)

Package hyperref Message: Driver: hpdftex.

(c:/texlive/2011/texmf-dist/tex/latex/hyperref/hpdftex.def
File: hpdftex.def 2011/04/17 v6.82g Hyperref driver for pdfTeX
\Fld@listcount=\count135
\c@bookmark@seq@number=\count136

(c:/texlive/2011/texmf-dist/tex/latex/oberdiek/rerunfilecheck.sty
Package: rerunfilecheck 2011/04/15 v1.7 Rerun checks for auxiliary files (HO)
Package uniquecounter Info: New unique counter `rerunfilecheck' on input line 2
82.
)
\Hy@SectionHShift=\skip86
)
\@nomenclaturefile=\write5
\openout5 = `Diplomarbeit_KOPG_TGM.nlo'.


Writing nomenclature file Diplomarbeit_KOPG_TGM.nlo
\c@theorem=\count137
\c@acknowledgement=\count138
\c@algorithm=\count139
\c@axiom=\count140
\c@case=\count141
\c@claim=\count142
\c@conclusion=\count143
\c@condition=\count144
\c@conjecture=\count145
\c@corollary=\count146
\c@criterion=\count147
\c@definition=\count148
\c@example=\count149
\c@exercise=\count150
\c@lemma=\count151
\c@notation=\count152
\c@problem=\count153
\c@proposition=\count154
\c@remark=\count155
\c@solution=\count156
\c@summary=\count157
\glo@main@file=\write6
\openout6 = `Diplomarbeit_KOPG_TGM.glo'.

Package glossaries Info: Writing glossary file Diplomarbeit_KOPG_TGM.glo on inp
ut line 194.
\glo@acronym@file=\write7
\openout7 = `Diplomarbeit_KOPG_TGM.acn'.

Package glossaries Info: Writing glossary file Diplomarbeit_KOPG_TGM.acn on inp
ut line 194.
(./Diplomarbeit_KOPG_TGM.aux (./tex/title.aux) (./tex/prefacea.aux)
(./tex/abstracta.aux) (./tex/kurzzfsg.aux) (./tex/nomenclature.aux)
(./tex/chapter1.aux) (./tex/chapter2.aux)
(./tex/machbarkeitsstudie/voruntersuchung.aux)
(./tex/machbarkeitsstudie/pfunktionen.aux)
(./tex/machbarkeitsstudie/tmachbarkeit.aux)
(./tex/machbarkeitsstudie/wirmachbarkeit.aux) (./tex/chapter3.aux)
(./tex/chapter4.aux) (./tex/chapter5.aux) (./tex/chapter6.aux)
(./tex/appendix.aux) (./tex/eid.aux))
\openout1 = `Diplomarbeit_KOPG_TGM.aux'.

LaTeX Font Info:    Checking defaults for OML/cmm/m/it on input line 200.
LaTeX Font Info:    ... okay on input line 200.
LaTeX Font Info:    Checking defaults for T1/cmr/m/n on input line 200.
LaTeX Font Info:    ... okay on input line 200.
LaTeX Font Info:    Checking defaults for OT1/cmr/m/n on input line 200.
LaTeX Font Info:    ... okay on input line 200.
LaTeX Font Info:    Checking defaults for OMS/cmsy/m/n on input line 200.
LaTeX Font Info:    ... okay on input line 200.
LaTeX Font Info:    Checking defaults for OMX/cmex/m/n on input line 200.
LaTeX Font Info:    ... okay on input line 200.
LaTeX Font Info:    Checking defaults for U/cmr/m/n on input line 200.
LaTeX Font Info:    ... okay on input line 200.
LaTeX Font Info:    Checking defaults for PD1/pdf/m/n on input line 200.
LaTeX Font Info:    ... okay on input line 200.

(c:/texlive/2011/texmf-dist/tex/context/base/supp-pdf.mkii
[Loading MPS to PDF converter (version 2006.09.02).]
\scratchcounter=\count158
\scratchdimen=\dimen139
\scratchbox=\box36
\nofMPsegments=\count159
\nofMParguments=\count160
\everyMPshowfont=\toks35
\MPscratchCnt=\count161
\MPscratchDim=\dimen140
\MPnumerator=\count162
\makeMPintoPDFobject=\count163
\everyMPtoPDFconversion=\toks36
) (c:/texlive/2011/texmf-dist/tex/latex/oberdiek/epstopdf-base.sty
Package: epstopdf-base 2010/02/09 v2.5 Base part for package epstopdf

(c:/texlive/2011/texmf-dist/tex/latex/oberdiek/grfext.sty
Package: grfext 2010/08/19 v1.1 Managing graphics extensions (HO)
)
Package grfext Info: Graphics extension search list:
(grfext)             [.pdf,.jpeg,.png,.jpg,.eps]
(grfext)             \AppendGraphicsExtensions on input line 452.

(c:/texlive/2011/texmf-dist/tex/latex/latexconfig/epstopdf-sys.cfg
File: epstopdf-sys.cfg 2010/07/13 v1.3 Configuration of (r)epstopdf for TeX Liv
e
))
(c:/texlive/2011/texmf-dist/tex/latex/glossaries/dict/glossaries-dictionary-Eng
lish.dict
Dictionary: glossaries-dictionary, Language: English 
)
\c@lstlisting=\count164
\AtBeginShipoutBox=\box37
Package hyperref Info: Link coloring ON on input line 200.
 (c:/texlive/2011/texmf-dist/tex/latex/hyperref/nameref.sty
Package: nameref 2010/04/30 v2.40 Cross-referencing by name of section

(c:/texlive/2011/texmf-dist/tex/generic/oberdiek/gettitlestring.sty
Package: gettitlestring 2010/12/03 v1.4 Cleanup title references (HO)
)
\c@section@level=\count165
)
LaTeX Info: Redefining \ref on input line 200.
LaTeX Info: Redefining \pageref on input line 200.
LaTeX Info: Redefining \nameref on input line 200.

(./Diplomarbeit_KOPG_TGM.out) (./Diplomarbeit_KOPG_TGM.out)
\@outlinefile=\write8
\openout8 = `Diplomarbeit_KOPG_TGM.out'.

\openout2 = `tex/title.aux'.

 (./tex/title.tex
LaTeX Font Info:    Try loading font information for T1+cmss on input line 46.

(c:/texlive/2011/texmf-dist/tex/latex/base/t1cmss.fd
File: t1cmss.fd 1999/05/25 v2.5h Standard LaTeX font definitions
)
<graphics/title/tgmlogo2.png, id=139, 376.5267pt x 121.29315pt>
File: graphics/title/tgmlogo2.png Graphic file (type png)

<use graphics/title/tgmlogo2.png>
Package pdftex.def Info: graphics/title/tgmlogo2.png used on input line 46.
(pdftex.def)             Requested size: 123.58289pt x 39.81032pt.
 [1
Non-PDF special ignored!

\openout4 = `Diplomarbeit_KOPG_TGM.xdy'.



{c:/texlive/2011/texmf-var/fonts/map/pdftex/updmap/pdftex.map} <./graphics/titl
e/tgmlogo2.png>] [2

]pdfTeX warning (ext4): destination with the same identifier (name{page.1}) has
 been already used, duplicate ignored
<to be read again> 
                   \relax 
l.88 \end{titlepage}
                     [1])pdfTeX warning (ext4): destination with the same ident
ifier (name{page.2}) has been already used, duplicate ignored
<to be read again> 
                   \relax 
l.205 \frontmatter
                  %   %% front matter will be numbered in small Roman letters
[2


]
\openout2 = `tex/prefacea.aux'.

 (./tex/prefacea.tex) [1


]
\openout2 = `tex/abstracta.aux'.

 (./tex/abstracta.tex [2



]) [3]
\openout2 = `tex/kurzzfsg.aux'.

 (./tex/kurzzfsg.tex
[4



]) [5] [6



] (./Diplomarbeit_KOPG_TGM.toc
LaTeX Font Info:    Try loading font information for U+msa on input line 7.

(c:/texlive/2011/texmf-dist/tex/latex/amsfonts/umsa.fd
File: umsa.fd 2009/06/22 v3.00 AMS symbols A
)
LaTeX Font Info:    Try loading font information for U+msb on input line 7.

(c:/texlive/2011/texmf-dist/tex/latex/amsfonts/umsb.fd
File: umsb.fd 2009/06/22 v3.00 AMS symbols B
) [7])
\tf@toc=\write9
\openout9 = `Diplomarbeit_KOPG_TGM.toc'.

 [8]
(./Diplomarbeit_KOPG_TGM.lof)
\tf@lof=\write10
\openout10 = `Diplomarbeit_KOPG_TGM.lof'.

 [9


] [10


] (./Diplomarbeit_KOPG_TGM.lol)
\tf@lol=\write11
\openout11 = `Diplomarbeit_KOPG_TGM.lol'.

 [11]
\openout2 = `tex/nomenclature.aux'.


(./tex/nomenclature.tex)
No file Diplomarbeit_KOPG_TGM.nls.
[12





]
\openout2 = `tex/chapter1.aux'.

 (./tex/chapter1.tex
Kapitel 1.

Underfull \hbox (badness 10000) in paragraph at lines 8--65

 []


Underfull \hbox (badness 10000) in paragraph at lines 8--65

 []


Underfull \hbox (badness 10000) in paragraph at lines 8--65

 []


Underfull \hbox (badness 10000) in paragraph at lines 8--65

 []

pdfTeX warning (ext4): destination with the same identifier (name{page.1}) has 
been already used, duplicate ignored
<to be read again> 
                   \relax 
l.65 
      [1


]pdfTeX warning (ext4): destination with the same identifier (name{page.2}) has
 been already used, duplicate ignored
<to be read again> 
                   \relax 
l.65 
      [2]
Underfull \hbox (badness 10000) in paragraph at lines 68--76

 []

LaTeX Font Info:    Try loading font information for OMS+cmr on input line 77.
(c:/texlive/2011/texmf-dist/tex/latex/base/omscmr.fd
File: omscmr.fd 1999/05/25 v2.5h Standard LaTeX font definitions
)
LaTeX Font Info:    Font shape `OMS/cmr/m/n' in size <12> not available
(Font)              Font shape `OMS/cmsy/m/n' tried instead on input line 77.
 [3]) [4]
\openout2 = `tex/chapter2.aux'.


(./tex/chapter2.tex
Kapitel 2.
) [5



]
\openout2 = `tex/machbarkeitsstudie/voruntersuchung.aux'.

 (./tex/machbarkeitsstudie/voruntersuchung.tex
Underfull \hbox (badness 10000) in paragraph at lines 5--18

 []

[6


]
<graphics/chapter2/metatrader5_overview.png, id=291, 373.395pt x 236.082pt>
File: graphics/chapter2/metatrader5_overview.png Graphic file (type png)

<use graphics/chapter2/metatrader5_overview.png>
Package pdftex.def Info: graphics/chapter2/metatrader5_overview.png used on inp
ut line 29.
(pdftex.def)             Requested size: 373.39409pt x 236.0814pt.

<graphics/chapter2/metaeditor_robot_modification.jpg, id=293, 594.22pt x 532.99
126pt>
File: graphics/chapter2/metaeditor_robot_modification.jpg Graphic file (type jp
g)
 <use graphics/chapter2/metaeditor_robot_modification.jpg>
Package pdftex.def Info: graphics/chapter2/metaeditor_robot_modification.jpg us
ed on input line 36.
(pdftex.def)             Requested size: 411.93877pt x 369.50478pt.
 [7 <./graphics/chapter2/metatrader5_overview.png>] [8 <./graphics/chapter2/met
aeditor_robot_modification.jpg>]) [9]
\openout2 = `tex/machbarkeitsstudie/pfunktionen.aux'.

 (./tex/machbarkeitsstudie/pfunktionen.tex
Underfull \vbox (badness 2573) has occurred while \output is active []

 [10


]
Underfull \vbox (badness 10000) has occurred while \output is active []

 [11]
[12]
Underfull \hbox (badness 10000) in paragraph at lines 166--166
[]\T1/cmr/m/n/12 /LF140/ Si-gna-le ge-ne-rie-ren, /LF150/ Trend-
 []

) [13]
\openout2 = `tex/machbarkeitsstudie/tmachbarkeit.aux'.

 (./tex/machbarkeitsstudie/tmachbarkeit.tex
Underfull \hbox (badness 10000) in paragraph at lines 13--13
[]\T1/cmr/m/n/12 Gewicht-
 []


Underfull \hbox (badness 10000) in paragraph at lines 13--13
[]\T1/cmr/bx/n/12 C++
 []


Underfull \hbox (badness 10000) in paragraph at lines 13--13
[]\T1/cmr/bx/n/12 Java
 []


Underfull \hbox (badness 10000) in paragraph at lines 13--13
[]\T1/cmr/bx/n/12 C/F
 []


Underfull \hbox (badness 2573) in paragraph at lines 14--14
[]\T1/cmr/m/n/12 Aufwand Co-
 []


Underfull \hbox (badness 10000) in paragraph at lines 15--15
[]\T1/cmr/m/n/12 Bedienung/
 []


Underfull \hbox (badness 10000) in paragraph at lines 20--20
[]\T1/cmr/m/n/12 Übertragungs-
 []


Underfull \hbox (badness 10000) in paragraph at lines 21--21
[]\T1/cmr/m/n/12 Absturz-
 []


Underfull \hbox (badness 10000) in paragraph at lines 22--22
[]\T1/cmr/m/n/12 Ressourcen-
 []


Underfull \hbox (badness 10000) in paragraph at lines 27--27
[]\T1/cmr/m/n/12 Betriebs-
 []


Underfull \hbox (badness 10000) in paragraph at lines 28--28
[]\T1/cmr/m/n/12 Dokumen-
 []


Underfull \hbox (badness 10000) in paragraph at lines 31--31
[]\T1/cmr/m/n/12 Voll-
 []


Underfull \vbox (badness 10000) has occurred while \output is active []

 [14


]
[15]

Package hyperref Warning: Token not allowed in a PDF string (PDFDocEncoding):
(hyperref)                removing `\gls' on input line 59.

)
Underfull \hbox (badness 10000) in paragraph at lines 68--258

 []


Underfull \hbox (badness 10000) in paragraph at lines 68--258

 []

[16] [17]
\openout2 = `tex/machbarkeitsstudie/wirmachbarkeit.aux'.

 (./tex/machbarkeitsstudie/wirmachbarkeit.tex
<graphics/wirmachbarkeit/FunctionPointsAnalysis.JPG, id=345, 384.2355pt x 424.5
8624pt>
File: graphics/wirmachbarkeit/FunctionPointsAnalysis.JPG Graphic file (type jpg
)
 <use graphics/wirmachbarkeit/FunctionPointsAnalysis.JPG>
Package pdftex.def Info: graphics/wirmachbarkeit/FunctionPointsAnalysis.JPG use
d on input line 9.
(pdftex.def)             Requested size: 384.23456pt x 424.5852pt.

Underfull \hbox (badness 10000) in paragraph at lines 17--19

 []

[18


 <./graphics/wirmachbarkeit/FunctionPointsAnalysis.JPG>]
Underfull \hbox (badness 10000) in paragraph at lines 40--42

 []


Underfull \hbox (badness 10000) in paragraph at lines 47--50

 []


Underfull \hbox (badness 10000) in paragraph at lines 51--52

 []


Underfull \hbox (badness 10000) in paragraph at lines 51--52

 []

[19]
Underfull \hbox (badness 10000) in paragraph at lines 53--56

 []


Underfull \hbox (badness 10000) in paragraph at lines 57--59

 []


Underfull \hbox (badness 10000) in paragraph at lines 57--59

 []


Underfull \hbox (badness 10000) in paragraph at lines 60--63

 []

) [20]
\openout2 = `tex/chapter3.aux'.

 (./tex/chapter3.tex
Kapitel 3.
) [21



]
\openout2 = `tex/chapter4.aux'.

 (./tex/chapter4.tex [22



]
Kapitel 4.
) [23]
\openout2 = `tex/chapter5.aux'.

 (./tex/chapter5.tex [24



]
Kapitel 5.
) [25]
\openout2 = `tex/chapter6.aux'.

 (./tex/chapter6.tex [26



]
Kapitel 6.
) [27] (c:/texlive/2011/texmf-dist/tex/generic/babel/babel.sty)
No file Diplomarbeit_KOPG_TGM.acr.
(c:/texlive/2011/texmf-dist/tex/generic/babel/babel.sty)
No file Diplomarbeit_KOPG_TGM.acr.
[28

]
\openout2 = `tex/appendix.aux'.

 (./tex/appendix.tex
Anhang A.
) [29


] [30


] (./Diplomarbeit_KOPG_TGM.bbl
Underfull \hbox (badness 10000) in paragraph at lines 36--43
\T1/cmr/m/n/12 / / www . amazon . ca / Developing-[]Multi-[]Agent-[]Systems-[]F
abio-[]Bellifemine / dp /
 []


Underfull \hbox (badness 10000) in paragraph at lines 36--43
\T1/cmr/m/n/12 0470057475 / sr = 8-[]1 / qid = 1170365284 / ref = sr _ 1 _ 1 / 
702-[]0885532-[]1303250 ?
 []

** WARNING: IEEEtranS.bst: No hyphenation pattern has been
** loaded for the language `de'. Using the pattern for
** the default language instead.

Underfull \hbox (badness 10000) in paragraph at lines 54--61
\T1/cmr/m/n/12 / / www . amazon . ca / Developing-[]Multi-[]Agent-[]Systems-[]F
abio-[]Bellifemine / dp /
 []


Underfull \hbox (badness 10000) in paragraph at lines 54--61
\T1/cmr/m/n/12 0470057475 / sr = 8-[]1 / qid = 1170365284 / ref = sr _ 1 _ 1 / 
702-[]0885532-[]1303250 ?
 []

) [31

]
\openout2 = `tex/eid.aux'.

 (./tex/eid.tex)
Underfull \hbox (badness 10000) in paragraph at lines 12--301

 []

[32

] [33]
Package atveryend Info: Empty hook `BeforeClearDocument' on input line 305.
Package atveryend Info: Empty hook `AfterLastShipout' on input line 305.
 (./Diplomarbeit_KOPG_TGM.aux (./tex/title.aux) (./tex/prefacea.aux)
(./tex/abstracta.aux) (./tex/kurzzfsg.aux) (./tex/nomenclature.aux)
(./tex/chapter1.aux) (./tex/chapter2.aux)
(./tex/machbarkeitsstudie/voruntersuchung.aux)
(./tex/machbarkeitsstudie/pfunktionen.aux)
(./tex/machbarkeitsstudie/tmachbarkeit.aux)
(./tex/machbarkeitsstudie/wirmachbarkeit.aux) (./tex/chapter3.aux)
(./tex/chapter4.aux) (./tex/chapter5.aux) (./tex/chapter6.aux)
(./tex/appendix.aux) (./tex/eid.aux))
Package atveryend Info: Executing hook `AtVeryEndDocument' on input line 305.
Package atveryend Info: Executing hook `AtEndAfterFileList' on input line 305.
Package rerunfilecheck Info: File `Diplomarbeit_KOPG_TGM.out' has not changed.
(rerunfilecheck)             Checksum: 486E075695C397CE8A6126A6827037C0;2173.
 ) 
Here is how much of TeX's memory you used:
 12048 strings out of 493633
 170263 string characters out of 3146745
 355081 words of memory out of 3000000
 14857 multiletter control sequences out of 15000+200000
 24588 words of font info for 59 fonts, out of 3000000 for 9000
 845 hyphenation exceptions out of 8191
 31i,9n,43p,2393b,491s stack positions out of 5000i,500n,10000p,200000b,50000s
{c:/texlive/2011/texmf-dist/fonts/enc/dvips/cm-super/cm-super-t1.enc}<c:/texl
ive/2011/texmf-dist/fonts/type1/public/amsfonts/cm/cmsy10.pfb><c:/texlive/2011/
texmf-dist/fonts/type1/public/cm-super/sfbx1200.pfb><c:/texlive/2011/texmf-dist
/fonts/type1/public/cm-super/sfbx1440.pfb><c:/texlive/2011/texmf-dist/fonts/typ
e1/public/cm-super/sfbx1728.pfb><c:/texlive/2011/texmf-dist/fonts/type1/public/
cm-super/sfrm0700.pfb><c:/texlive/2011/texmf-dist/fonts/type1/public/cm-super/s
frm0800.pfb><c:/texlive/2011/texmf-dist/fonts/type1/public/cm-super/sfrm1000.pf
b><c:/texlive/2011/texmf-dist/fonts/type1/public/cm-super/sfrm1200.pfb><c:/texl
ive/2011/texmf-dist/fonts/type1/public/cm-super/sfsl1200.pfb><c:/texlive/2011/t
exmf-dist/fonts/type1/public/cm-super/sfss1200.pfb><c:/texlive/2011/texmf-dist/
fonts/type1/public/cm-super/sfss1440.pfb><c:/texlive/2011/texmf-dist/fonts/type
1/public/cm-super/sfss1728.pfb><c:/texlive/2011/texmf-dist/fonts/type1/public/c
m-super/sfss2074.pfb><c:/texlive/2011/texmf-dist/fonts/type1/public/cm-super/sf
ss2488.pfb><c:/texlive/2011/texmf-dist/fonts/type1/public/cm-super/sfsx2074.pfb
><c:/texlive/2011/texmf-dist/fonts/type1/public/cm-super/sfti1200.pfb>
Output written on Diplomarbeit_KOPG_TGM.pdf (49 pages, 907494 bytes).
PDF statistics:
 507 PDF objects out of 1000 (max. 8388607)
 430 compressed objects within 5 object streams
 94 named destinations out of 1000 (max. 500000)
 293 words of extra memory for PDF output out of 10000 (max. 10000000)

