\BOOKMARK [0][]{chapter*.6}{List of symbols}{}% 1
\BOOKMARK [0][]{chapter.1}{Einf\374hrung}{}% 2
\BOOKMARK [1][]{section.1.1}{Hintergrund und Motivation}{chapter.1}% 3
\BOOKMARK [2][]{subsection.1.1.1}{Hintergrund}{section.1.1}% 4
\BOOKMARK [2][]{subsection.1.1.2}{Motivation}{section.1.1}% 5
\BOOKMARK [1][]{section.1.2}{Objectives of this Thesis}{chapter.1}% 6
\BOOKMARK [1][]{section.1.3}{Methodology for the Developement}{chapter.1}% 7
\BOOKMARK [1][]{section.1.4}{Thesis Outline}{chapter.1}% 8
\BOOKMARK [0][]{chapter.2}{Machbarkeitsstudie}{}% 9
\BOOKMARK [1][]{section.2.1}{Finanzwirtschaftliche Grundlagen}{chapter.2}% 10
\BOOKMARK [2][]{subsection.2.1.1}{B\366rse}{section.2.1}% 11
\BOOKMARK [3][]{subsubsection.2.1.1.1}{Bid/Ask}{subsection.2.1.1}% 12
\BOOKMARK [3][]{subsubsection.2.1.1.2}{Support/Resistance}{subsection.2.1.1}% 13
\BOOKMARK [2][]{subsection.2.1.2}{Markt}{section.2.1}% 14
\BOOKMARK [3][]{subsubsection.2.1.2.1}{Marktzust\344nde}{subsection.2.1.2}% 15
\BOOKMARK [1][]{section.2.2}{Voruntersuchung}{chapter.2}% 16
\BOOKMARK [2][]{subsection.2.2.1}{IST-Erhebung}{section.2.2}% 17
\BOOKMARK [2][]{subsection.2.2.2}{IST-Zustand}{section.2.2}% 18
\BOOKMARK [3][]{subsubsection.2.2.2.1}{MetaTrader 5}{subsection.2.2.2}% 19
\BOOKMARK [3][]{subsubsection.2.2.2.2}{Algorithmen}{subsection.2.2.2}% 20
\BOOKMARK [1][]{section.2.3}{Produktfunktionen}{chapter.2}% 21
\BOOKMARK [1][]{section.2.4}{Technische Machbarkeit}{chapter.2}% 22
\BOOKMARK [2][]{subsection.2.4.1}{Variantenbildung}{section.2.4}% 23
\BOOKMARK [3][]{subsubsection.2.4.1.1}{Programmiersprachen}{subsection.2.4.1}% 24
\BOOKMARK [3][]{subsubsection.2.4.1.2}{bts}{subsection.2.4.1}% 25
\BOOKMARK [1][]{section.2.5}{Wirtschaftliche Machbarkeit}{chapter.2}% 26
\BOOKMARK [2][]{subsection.2.5.1}{Aufwandsabsch\344tzung}{section.2.5}% 27
\BOOKMARK [2][]{subsection.2.5.2}{Nutzen}{section.2.5}% 28
\BOOKMARK [2][]{subsection.2.5.3}{Pr\374fen der Risiken}{section.2.5}% 29
\BOOKMARK [3][]{subsubsection.2.5.3.1}{Personenausfall}{subsection.2.5.3}% 30
\BOOKMARK [3][]{subsubsection.2.5.3.2}{Zeitliche Risiken}{subsection.2.5.3}% 31
\BOOKMARK [3][]{subsubsection.2.5.3.3}{Technische Risiken}{subsection.2.5.3}% 32
\BOOKMARK [0][]{chapter.3}{The Proposed Architecture}{}% 33
\BOOKMARK [1][]{section.3.1}{Introduction}{chapter.3}% 34
\BOOKMARK [0][]{chapter.4}{Implementation}{}% 35
\BOOKMARK [0][]{chapter.5}{\311valuation}{}% 36
\BOOKMARK [0][]{chapter.6}{Conclusion and Outlook}{}% 37
\BOOKMARK [0][]{chapter.6}{Glossary}{}% 38
\BOOKMARK [0][]{appendix.A}{Appendix}{}% 39
\BOOKMARK [0][]{section*.7}{Literaturverzeichnis}{}% 40
