This is pdfTeX, Version 3.1415926-2.3-1.40.12 (Web2C 2011) (format=pdflatex 2012.9.13)  1 NOV 2012 13:49
entering extended mode
 restricted \write18 enabled.
 %&-line parsing enabled.
**C:/Users/Josefs/Documents/Schule/PPM/noctua/Dokumentation/Machbarkeitsstudie/
Latex/Noctua_Machbarkeitsstudie.tex

(c:/Users/Josefs/Documents/Schule/PPM/noctua/Dokumentation/Machbarkeitsstudie/L
atex/Noctua_Machbarkeitsstudie.tex
LaTeX2e <2009/09/24>
Babel <v3.8l> and hyphenation patterns for english, dumylang, nohyphenation, ge
rman-x-2009-06-19, ngerman-x-2009-06-19, afrikaans, ancientgreek, ibycus, arabi
c, armenian, basque, bulgarian, catalan, pinyin, coptic, croatian, czech, danis
h, dutch, ukenglish, usenglishmax, esperanto, estonian, ethiopic, farsi, finnis
h, french, galician, german, ngerman, swissgerman, monogreek, greek, hungarian,
 icelandic, assamese, bengali, gujarati, hindi, kannada, malayalam, marathi, or
iya, panjabi, tamil, telugu, indonesian, interlingua, irish, italian, kurmanji,
 lao, latin, latvian, lithuanian, mongolian, mongolianlmc, bokmal, nynorsk, pol
ish, portuguese, romanian, russian, sanskrit, serbian, serbianc, slovak, sloven
ian, spanish, swedish, turkish, turkmen, ukrainian, uppersorbian, welsh, loaded
.
(c:/texlive/2011/texmf-dist/tex/latex/base/book.cls
Document Class: book 2007/10/19 v1.4h Standard LaTeX document class
(c:/texlive/2011/texmf-dist/tex/latex/base/bk12.clo
File: bk12.clo 2007/10/19 v1.4h Standard LaTeX file (size option)
)
\c@part=\count79
\c@chapter=\count80
\c@section=\count81
\c@subsection=\count82
\c@subsubsection=\count83
\c@paragraph=\count84
\c@subparagraph=\count85
\c@figure=\count86
\c@table=\count87
\abovecaptionskip=\skip41
\belowcaptionskip=\skip42
\bibindent=\dimen102
)
(c:/texlive/2011/texmf-dist/tex/latex/ntgclass/a4.sty
Package: a4 2004/04/15 v1.2g A4 based page layout
)
(c:/texlive/2011/texmf-dist/tex/generic/babel/babel.sty
Package: babel 2008/07/06 v3.8l The Babel package

(c:/texlive/2011/texmf-dist/tex/generic/babel/english.ldf
Language: english 2005/03/30 v3.3o English support from the babel system

(c:/texlive/2011/texmf-dist/tex/generic/babel/babel.def
File: babel.def 2008/07/06 v3.8l Babel common definitions
\babel@savecnt=\count88
\U@D=\dimen103
)
\l@canadian = a dialect from \language\l@american 
\l@australian = a dialect from \language\l@british 
\l@newzealand = a dialect from \language\l@british 
)
(c:/texlive/2011/texmf-dist/tex/generic/babel/ngermanb.ldf
Language: ngermanb 2008/07/06 v2.6n new German support from the babel system
\l@naustrian = a dialect from \language\l@ngerman 
Package babel Info: Making " an active character on input line 92.
))
(c:/texlive/2011/texmf-dist/tex/latex/base/inputenc.sty
Package: inputenc 2008/03/30 v1.1d Input encoding file
\inpenc@prehook=\toks14
\inpenc@posthook=\toks15

(c:/texlive/2011/texmf-dist/tex/latex/base/latin1.def
File: latin1.def 2008/03/30 v1.1d Input encoding file
))
(c:/texlive/2011/texmf-dist/tex/latex/base/fontenc.sty
Package: fontenc 2005/09/27 v1.99g Standard LaTeX package

(c:/texlive/2011/texmf-dist/tex/latex/base/t1enc.def
File: t1enc.def 2005/09/27 v1.99g Standard LaTeX file
LaTeX Font Info:    Redeclaring font encoding T1 on input line 43.
))
(c:/texlive/2011/texmf-dist/tex/latex/amsfonts/amssymb.sty
Package: amssymb 2009/06/22 v3.00

(c:/texlive/2011/texmf-dist/tex/latex/amsfonts/amsfonts.sty
Package: amsfonts 2009/06/22 v3.00 Basic AMSFonts support
\@emptytoks=\toks16
\symAMSa=\mathgroup4
\symAMSb=\mathgroup5
LaTeX Font Info:    Overwriting math alphabet `\mathfrak' in version `bold'
(Font)                  U/euf/m/n --> U/euf/b/n on input line 96.
))
(c:/texlive/2011/texmf-dist/tex/latex/amsmath/amsmath.sty
Package: amsmath 2000/07/18 v2.13 AMS math features
\@mathmargin=\skip43

For additional information on amsmath, use the `?' option.
(c:/texlive/2011/texmf-dist/tex/latex/amsmath/amstext.sty
Package: amstext 2000/06/29 v2.01

(c:/texlive/2011/texmf-dist/tex/latex/amsmath/amsgen.sty
File: amsgen.sty 1999/11/30 v2.0
\@emptytoks=\toks17
\ex@=\dimen104
))
(c:/texlive/2011/texmf-dist/tex/latex/amsmath/amsbsy.sty
Package: amsbsy 1999/11/29 v1.2d
\pmbraise@=\dimen105
)
(c:/texlive/2011/texmf-dist/tex/latex/amsmath/amsopn.sty
Package: amsopn 1999/12/14 v2.01 operator names
)
\inf@bad=\count89
LaTeX Info: Redefining \frac on input line 211.
\uproot@=\count90
\leftroot@=\count91
LaTeX Info: Redefining \overline on input line 307.
\classnum@=\count92
\DOTSCASE@=\count93
LaTeX Info: Redefining \ldots on input line 379.
LaTeX Info: Redefining \dots on input line 382.
LaTeX Info: Redefining \cdots on input line 467.
\Mathstrutbox@=\box26
\strutbox@=\box27
\big@size=\dimen106
LaTeX Font Info:    Redeclaring font encoding OML on input line 567.
LaTeX Font Info:    Redeclaring font encoding OMS on input line 568.
\macc@depth=\count94
\c@MaxMatrixCols=\count95
\dotsspace@=\muskip10
\c@parentequation=\count96
\dspbrk@lvl=\count97
\tag@help=\toks18
\row@=\count98
\column@=\count99
\maxfields@=\count100
\andhelp@=\toks19
\eqnshift@=\dimen107
\alignsep@=\dimen108
\tagshift@=\dimen109
\tagwidth@=\dimen110
\totwidth@=\dimen111
\lineht@=\dimen112
\@envbody=\toks20
\multlinegap=\skip44
\multlinetaggap=\skip45
\mathdisplay@stack=\toks21
LaTeX Info: Redefining \[ on input line 2666.
LaTeX Info: Redefining \] on input line 2667.
)
(c:/texlive/2011/texmf-dist/tex/latex/fncychap/fncychap.sty
Package: fncychap 2007/07/30 v1.34 LaTeX package (Revised chapters)
\RW=\skip46
\mylen=\skip47
\myhi=\skip48
\px=\skip49
\py=\skip50
\pyy=\skip51
\pxx=\skip52
)
(c:/texlive/2011/texmf-dist/tex/latex/nomencl/nomencl.sty
Package: nomencl 2005/09/22 v4.2 Nomenclature package (LN)
\nomlabelwidth=\dimen113
\nom@tempdim=\dimen114
\nomitemsep=\skip53
)
(c:/texlive/2011/texmf-dist/tex/latex/base/makeidx.sty
Package: makeidx 2000/03/29 v1.0m Standard LaTeX package
)
(c:/texlive/2011/texmf-dist/tex/latex/graphics/graphicx.sty
Package: graphicx 1999/02/16 v1.0f Enhanced LaTeX Graphics (DPC,SPQR)

(c:/texlive/2011/texmf-dist/tex/latex/graphics/keyval.sty
Package: keyval 1999/03/16 v1.13 key=value parser (DPC)
\KV@toks@=\toks22
)
(c:/texlive/2011/texmf-dist/tex/latex/graphics/graphics.sty
Package: graphics 2009/02/05 v1.0o Standard LaTeX Graphics (DPC,SPQR)

(c:/texlive/2011/texmf-dist/tex/latex/graphics/trig.sty
Package: trig 1999/03/16 v1.09 sin cos tan (DPC)
)
(c:/texlive/2011/texmf-dist/tex/latex/latexconfig/graphics.cfg
File: graphics.cfg 2010/04/23 v1.9 graphics configuration of TeX Live
)
Package graphics Info: Driver file: pdftex.def on input line 91.

(c:/texlive/2011/texmf-dist/tex/latex/pdftex-def/pdftex.def
File: pdftex.def 2011/05/27 v0.06d Graphics/color for pdfTeX

(c:/texlive/2011/texmf-dist/tex/generic/oberdiek/infwarerr.sty
Package: infwarerr 2010/04/08 v1.3 Providing info/warning/message (HO)
)
(c:/texlive/2011/texmf-dist/tex/generic/oberdiek/ltxcmds.sty
Package: ltxcmds 2011/04/18 v1.20 LaTeX kernel commands for general use (HO)
)
\Gread@gobject=\count101
))
\Gin@req@height=\dimen115
\Gin@req@width=\dimen116
)
(c:/texlive/2011/texmf-dist/tex/latex/psfrag/psfrag.sty
Package: psfrag 1998/04/11 v3.04 PSfrag (MCG)
\pfg@pcount=\count102
\pfg@scount=\count103
\pfg@temp=\write3
)
(c:/texlive/2011/texmf-dist/tex/latex/graphics/color.sty
Package: color 2005/11/14 v1.0j Standard LaTeX Color (DPC)

(c:/texlive/2011/texmf-dist/tex/latex/latexconfig/color.cfg
File: color.cfg 2007/01/18 v1.5 color configuration of teTeX/TeXLive
)
Package color Info: Driver file: pdftex.def on input line 130.
)
(c:/texlive/2011/texmf-dist/tex/latex/units/nicefrac.sty
Package: nicefrac 1998/08/04 v0.9b Nice fractions
\L@UnitsRaiseDisplaystyle=\skip54
\L@UnitsRaiseTextstyle=\skip55
\L@UnitsRaiseScriptstyle=\skip56

(c:/texlive/2011/texmf-dist/tex/latex/base/ifthen.sty
Package: ifthen 2001/05/26 v1.1c Standard LaTeX ifthen package (DPC)
))
(c:/texlive/2011/texmf-dist/tex/latex/fancyhdr/fancyhdr.sty
\fancy@headwidth=\skip57
\f@ncyO@elh=\skip58
\f@ncyO@erh=\skip59
\f@ncyO@olh=\skip60
\f@ncyO@orh=\skip61
\f@ncyO@elf=\skip62
\f@ncyO@erf=\skip63
\f@ncyO@olf=\skip64
\f@ncyO@orf=\skip65
)
(c:/texlive/2011/texmf-dist/tex/latex/subfigure/subfigure.sty
Package: subfigure 2002/03/15 v2.1.5 subfigure package
\subfigtopskip=\skip66
\subfigcapskip=\skip67
\subfigcaptopadj=\dimen117
\subfigbottomskip=\skip68
\subfigcapmargin=\dimen118
\subfiglabelskip=\skip69
\c@subfigure=\count104
\c@lofdepth=\count105
\c@subtable=\count106
\c@lotdepth=\count107

****************************************
* Local config file subfigure.cfg used *
****************************************
(c:/texlive/2011/texmf-dist/tex/latex/subfigure/subfigure.cfg)
\subfig@top=\skip70
\subfig@bottom=\skip71
)
(c:/texlive/2011/texmf-dist/tex/latex/glossaries/base/glossaries.sty
Package: glossaries 2011/04/12 v3.01 (NLCT)

(c:/texlive/2011/texmf-dist/tex/latex/xkeyval/xkeyval.sty
Package: xkeyval 2008/08/13 v2.6a package option processing (HA)

(c:/texlive/2011/texmf-dist/tex/generic/xkeyval/xkeyval.tex
\XKV@toks=\toks23
\XKV@tempa@toks=\toks24
\XKV@depth=\count108
File: xkeyval.tex 2008/08/13 v2.6a key=value parser (HA)
))
(c:/texlive/2011/texmf-dist/tex/latex/glossaries/base/mfirstuc.sty
Package: mfirstuc 2011/04/02 v1.05 (NLCT)
\@glsmfirst=\toks25
\@glsmrest=\toks26
)
(c:/texlive/2011/texmf-dist/tex/latex/xfor/xfor.sty
Package: xfor 2009/02/05 v1.05 (NLCT)
)
(c:/texlive/2011/texmf-dist/tex/latex/etoolbox/etoolbox.sty
Package: etoolbox 2011/01/03 v2.1 e-TeX tools for LaTeX

(c:/texlive/2011/texmf-dist/tex/latex/etex-pkg/etex.sty
Package: etex 1998/03/26 v2.0 eTeX basic definition package (PEB)
\et@xins=\count109
)
\etb@tempcnta=\count110
)
(c:/texlive/2011/texmf-dist/tex/latex/beamer/translator/translator.sty
Package: translator 2010/06/12 ver 1.10

(c:/texlive/2011/texmf-dist/tex/latex/beamer/translator/translator-language-map
pings.tex))
\gls@level=\count111
\@gls@tmpb=\toks27
\gls@tmplen=\skip72
\glswrite=\write4
\glskeylisttok=\toks28
\glslabeltok=\toks29
\glsshorttok=\toks30
\glslongtok=\toks31

(c:/texlive/2011/texmf-dist/tex/latex/glossaries/styles/glossary-hypernav.sty
Package: glossary-hypernav 2007/07/04 v1.01 (NLCT)
)
(c:/texlive/2011/texmf-dist/tex/latex/glossaries/styles/glossary-list.sty
Package: glossary-list 2011/03/28 v3.0 (NLCT)
\glslistdottedwidth=\skip73
)
(c:/texlive/2011/texmf-dist/tex/latex/glossaries/styles/glossary-long.sty
Package: glossary-long 2011/03/28 v3.0 (NLCT)

(c:/texlive/2011/texmf-dist/tex/latex/tools/longtable.sty
Package: longtable 2004/02/01 v4.11 Multi-page Table package (DPC)
\LTleft=\skip74
\LTright=\skip75
\LTpre=\skip76
\LTpost=\skip77
\LTchunksize=\count112
\LTcapwidth=\dimen119
\LT@head=\box28
\LT@firsthead=\box29
\LT@foot=\box30
\LT@lastfoot=\box31
\LT@cols=\count113
\LT@rows=\count114
\c@LT@tables=\count115
\c@LT@chunks=\count116
\LT@p@ftn=\toks32
)
\glsdescwidth=\skip78
\glspagelistwidth=\skip79
)
(c:/texlive/2011/texmf-dist/tex/latex/glossaries/styles/glossary-super.sty
Package: glossary-super 2011/03/28 v3.0 (NLCT)

(c:/texlive/2011/texmf-dist/tex/latex/supertabular/supertabular.sty
Package: supertabular 2004/02/20 v4.1e the supertabular environment
\c@tracingst=\count117
\ST@wd=\dimen120
\ST@rightskip=\skip80
\ST@leftskip=\skip81
\ST@parfillskip=\skip82
\ST@pageleft=\dimen121
\ST@headht=\dimen122
\ST@tailht=\dimen123
\ST@pagesofar=\dimen124
\ST@pboxht=\dimen125
\ST@lineht=\dimen126
\ST@stretchht=\dimen127
\ST@prevht=\dimen128
\ST@toadd=\dimen129
\ST@dimen=\dimen130
\ST@pbox=\box32
))
(c:/texlive/2011/texmf-dist/tex/latex/glossaries/styles/glossary-tree.sty
Package: glossary-tree 2011/03/28 v3.0 (NLCT)
\glstreeindent=\skip83
))
(c:/texlive/2011/texmf-dist/tex/latex/cite/cite.sty
LaTeX Info: Redefining \cite on input line 302.
LaTeX Info: Redefining \nocite on input line 373.
Package: cite 2010/09/10  v 5.3
)
(c:/texlive/2011/texmf-dist/tex/latex/listings/listings.sty
\lst@mode=\count118
\lst@gtempboxa=\box33
\lst@token=\toks33
\lst@length=\count119
\lst@currlwidth=\dimen131
\lst@column=\count120
\lst@pos=\count121
\lst@lostspace=\dimen132
\lst@width=\dimen133
\lst@newlines=\count122
\lst@lineno=\count123
\lst@maxwidth=\dimen134

(c:/texlive/2011/texmf-dist/tex/latex/listings/lstmisc.sty
File: lstmisc.sty 2007/02/22 1.4 (Carsten Heinz)
\c@lstnumber=\count124
\lst@skipnumbers=\count125
\lst@framebox=\box34
)
(c:/texlive/2011/texmf-dist/tex/latex/listings/listings.cfg
File: listings.cfg 2007/02/22 1.4 listings configuration
))
Package: listings 2007/02/22 1.4 (Carsten Heinz)

(c:/texlive/2011/texmf-dist/tex/latex/xcolor/xcolor.sty
Package: xcolor 2007/01/21 v2.11 LaTeX color extensions (UK)

(c:/texlive/2011/texmf-dist/tex/latex/latexconfig/color.cfg
File: color.cfg 2007/01/18 v1.5 color configuration of teTeX/TeXLive
)
Package xcolor Info: Driver file: pdftex.def on input line 225.
LaTeX Info: Redefining \color on input line 702.
Package xcolor Info: Model `cmy' substituted by `cmy0' on input line 1337.
Package xcolor Info: Model `hsb' substituted by `rgb' on input line 1341.
Package xcolor Info: Model `RGB' extended on input line 1353.
Package xcolor Info: Model `HTML' substituted by `rgb' on input line 1355.
Package xcolor Info: Model `Hsb' substituted by `hsb' on input line 1356.
Package xcolor Info: Model `tHsb' substituted by `hsb' on input line 1357.
Package xcolor Info: Model `HSB' substituted by `hsb' on input line 1358.
Package xcolor Info: Model `Gray' substituted by `gray' on input line 1359.
Package xcolor Info: Model `wave' substituted by `hsb' on input line 1360.

(c:/texlive/2011/texmf-dist/tex/latex/graphics/dvipsnam.def
File: dvipsnam.def 1999/02/16 v3.0i Driver-dependant file (DPC,SPQR)
))
(c:/texlive/2011/texmf-dist/tex/latex/rotating/rotating.sty
Package: rotating 2009/03/28 v2.16a rotated objects in LaTeX
\c@r@tfl@t=\count126
\rotFPtop=\skip84
\rotFPbot=\skip85
\rot@float@box=\box35
\rot@mess@toks=\toks34
)
(./tex/acronyms.tex)
(c:/texlive/2011/texmf-dist/tex/latex/multirow/multirow.sty
\bigstrutjot=\dimen135
)
(c:/texlive/2011/texmf-dist/tex/latex/eurosym/eurosym.sty
Package: eurosym 1998/08/06 v1.1 European currency symbol ``Euro''
\@eurobox=\box36
)
(c:/texlive/2011/texmf-dist/tex/latex/tools/array.sty
Package: array 2008/09/09 v2.4c Tabular extension package (FMi)
\col@sep=\dimen136
\extrarowheight=\dimen137
\NC@list=\toks35
\extratabsurround=\skip86
\backup@length=\skip87
)
(c:/texlive/2011/texmf-dist/tex/latex/hyperref/hyperref.sty
Package: hyperref 2011/04/17 v6.82g Hypertext links for LaTeX

(c:/texlive/2011/texmf-dist/tex/generic/oberdiek/hobsub-hyperref.sty
Package: hobsub-hyperref 2011/04/23 v1.4 Bundle oberdiek, subset hyperref (HO)

(c:/texlive/2011/texmf-dist/tex/generic/oberdiek/hobsub-generic.sty
Package: hobsub-generic 2011/04/23 v1.4 Bundle oberdiek, subset generic (HO)
Package: hobsub 2011/04/23 v1.4 Subsetting bundle oberdiek (HO)
Package hobsub Info: Skipping package `infwarerr' (already loaded).
Package hobsub Info: Skipping package `ltxcmds' (already loaded).
Package: ifluatex 2010/03/01 v1.3 Provides the ifluatex switch (HO)
Package ifluatex Info: LuaTeX not detected.
Package: ifvtex 2010/03/01 v1.5 Switches for detecting VTeX and its modes (HO)
Package ifvtex Info: VTeX not detected.
Package: intcalc 2007/09/27 v1.1 Expandable integer calculations (HO)
Package: ifpdf 2011/01/30 v2.3 Provides the ifpdf switch (HO)
Package ifpdf Info: pdfTeX in PDF mode is detected.
Package: etexcmds 2011/02/16 v1.5 Prefix for e-TeX command names (HO)
Package etexcmds Info: Could not find \expanded.
(etexcmds)             That can mean that you are not using pdfTeX 1.50 or
(etexcmds)             that some package has redefined \expanded.
(etexcmds)             In the latter case, load this package earlier.
Package: kvsetkeys 2011/04/07 v1.13 Key value parser (HO)
Package: kvdefinekeys 2011/04/07 v1.3 Defining keys (HO)
Package: pdftexcmds 2011/04/22 v0.16 Utilities of pdfTeX for LuaTeX (HO)
Package pdftexcmds Info: LuaTeX not detected.
Package pdftexcmds Info: \pdf@primitive is available.
Package pdftexcmds Info: \pdf@ifprimitive is available.
Package pdftexcmds Info: \pdfdraftmode found.
Package: pdfescape 2011/04/04 v1.12 Provides string conversions (HO)
Package: bigintcalc 2011/01/30 v1.2 Expandable big integer calculations (HO)
Package: bitset 2011/01/30 v1.1 Data type bit set (HO)
Package: uniquecounter 2011/01/30 v1.2 Provides unlimited unique counter (HO)
)
Package hobsub Info: Skipping package `hobsub' (already loaded).
Package: letltxmacro 2010/09/02 v1.4 Let assignment for LaTeX macros (HO)
Package: hopatch 2011/01/30 v1.0 Wrapper for package hooks (HO)
Package: xcolor-patch 2011/01/30 xcolor patch
Package: atveryend 2011/04/23 v1.7 Hooks at very end of document (HO)
Package: atbegshi 2011/01/30 v1.15 At begin shipout hook (HO)
Package: refcount 2010/12/01 v3.2 Data extraction from references (HO)
Package: hycolor 2011/01/30 v1.7 Color options of hyperref/bookmark (HO)
)
(c:/texlive/2011/texmf-dist/tex/generic/ifxetex/ifxetex.sty
Package: ifxetex 2010/09/12 v0.6 Provides ifxetex conditional
)
(c:/texlive/2011/texmf-dist/tex/latex/oberdiek/kvoptions.sty
Package: kvoptions 2010/12/23 v3.10 Keyval support for LaTeX options (HO)
)
\@linkdim=\dimen138
\Hy@linkcounter=\count127
\Hy@pagecounter=\count128

(c:/texlive/2011/texmf-dist/tex/latex/hyperref/pd1enc.def
File: pd1enc.def 2011/04/17 v6.82g Hyperref: PDFDocEncoding definition (HO)
)
\Hy@SavedSpaceFactor=\count129

(c:/texlive/2011/texmf-dist/tex/latex/latexconfig/hyperref.cfg
File: hyperref.cfg 2002/06/06 v1.2 hyperref configuration of TeXLive
)
Package hyperref Info: Option `final' set `true' on input line 3905.


Package hyperref Warning: Unexpected value for option `pdftex'
(hyperref)                is ignored on input line 3905.

Package hyperref Info: Option `bookmarksopen' set `true' on input line 3905.
Package hyperref Info: Option `colorlinks' set `true' on input line 3905.
Package hyperref Info: Option `breaklinks' set `true' on input line 3905.
Package hyperref Info: Hyper figures OFF on input line 4026.
Package hyperref Info: Link nesting OFF on input line 4031.
Package hyperref Info: Hyper index ON on input line 4034.
Package hyperref Info: Plain pages OFF on input line 4041.
Package hyperref Info: Backreferencing OFF on input line 4046.
Package hyperref Info: Implicit mode ON; LaTeX internals redefined.
Package hyperref Info: Bookmarks ON on input line 4264.
\c@Hy@tempcnt=\count130
(c:/texlive/2011/texmf-dist/tex/latex/url/url.sty
\Urlmuskip=\muskip11
Package: url 2006/04/12  ver 3.3  Verb mode for urls, etc.
)
LaTeX Info: Redefining \url on input line 4617.
\Fld@menulength=\count131
\Field@Width=\dimen139
\Fld@charsize=\dimen140
Package hyperref Info: Hyper figures OFF on input line 5701.
Package hyperref Info: Link nesting OFF on input line 5706.
Package hyperref Info: Hyper index ON on input line 5709.
Package hyperref Info: backreferencing OFF on input line 5716.
Package hyperref Info: Link coloring ON on input line 5719.
Package hyperref Info: Link coloring with OCG OFF on input line 5726.
Package hyperref Info: PDF/A mode OFF on input line 5731.
LaTeX Info: Redefining \ref on input line 5771.
LaTeX Info: Redefining \pageref on input line 5775.
\Hy@abspage=\count132
\c@Item=\count133
\c@Hfootnote=\count134
)

Package hyperref Message: Driver: hpdftex.

(c:/texlive/2011/texmf-dist/tex/latex/hyperref/hpdftex.def
File: hpdftex.def 2011/04/17 v6.82g Hyperref driver for pdfTeX
\Fld@listcount=\count135
\c@bookmark@seq@number=\count136

(c:/texlive/2011/texmf-dist/tex/latex/oberdiek/rerunfilecheck.sty
Package: rerunfilecheck 2011/04/15 v1.7 Rerun checks for auxiliary files (HO)
Package uniquecounter Info: New unique counter `rerunfilecheck' on input line 2
82.
)
\Hy@SectionHShift=\skip88
)
\@nomenclaturefile=\write5
\openout5 = `Noctua_Machbarkeitsstudie.nlo'.


Writing nomenclature file Noctua_Machbarkeitsstudie.nlo
\c@theorem=\count137
\c@acknowledgement=\count138
\c@algorithm=\count139
\c@axiom=\count140
\c@case=\count141
\c@claim=\count142
\c@conclusion=\count143
\c@condition=\count144
\c@conjecture=\count145
\c@corollary=\count146
\c@criterion=\count147
\c@definition=\count148
\c@example=\count149
\c@exercise=\count150
\c@lemma=\count151
\c@notation=\count152
\c@problem=\count153
\c@proposition=\count154
\c@remark=\count155
\c@solution=\count156
\c@summary=\count157
\glo@main@file=\write6
\openout6 = `Noctua_Machbarkeitsstudie.glo'.

Package glossaries Info: Writing glossary file Noctua_Machbarkeitsstudie.glo on
 input line 209.
\glo@acronym@file=\write7
\openout7 = `Noctua_Machbarkeitsstudie.acn'.

Package glossaries Info: Writing glossary file Noctua_Machbarkeitsstudie.acn on
 input line 209.
(./Noctua_Machbarkeitsstudie.aux (./tex/title.aux) (./tex/nomenclature.aux)
(./tex/Einleitung.aux) (./tex/fingrundlagen.aux) (./tex/voruntersuchung.aux)
(./tex/pfunktionen.aux) (./tex/tmachbarkeit.aux) (./tex/wirmachbarkeit.aux)
(./tex/Projektorganisation.aux) (./tex/appendix.aux) (./tex/eid.aux))
\openout1 = `Noctua_Machbarkeitsstudie.aux'.

LaTeX Font Info:    Checking defaults for OML/cmm/m/it on input line 215.
LaTeX Font Info:    ... okay on input line 215.
LaTeX Font Info:    Checking defaults for T1/cmr/m/n on input line 215.
LaTeX Font Info:    ... okay on input line 215.
LaTeX Font Info:    Checking defaults for OT1/cmr/m/n on input line 215.
LaTeX Font Info:    ... okay on input line 215.
LaTeX Font Info:    Checking defaults for OMS/cmsy/m/n on input line 215.
LaTeX Font Info:    ... okay on input line 215.
LaTeX Font Info:    Checking defaults for OMX/cmex/m/n on input line 215.
LaTeX Font Info:    ... okay on input line 215.
LaTeX Font Info:    Checking defaults for U/cmr/m/n on input line 215.
LaTeX Font Info:    ... okay on input line 215.
LaTeX Font Info:    Checking defaults for PD1/pdf/m/n on input line 215.
LaTeX Font Info:    ... okay on input line 215.

(c:/texlive/2011/texmf-dist/tex/context/base/supp-pdf.mkii
[Loading MPS to PDF converter (version 2006.09.02).]
\scratchcounter=\count158
\scratchdimen=\dimen141
\scratchbox=\box37
\nofMPsegments=\count159
\nofMParguments=\count160
\everyMPshowfont=\toks36
\MPscratchCnt=\count161
\MPscratchDim=\dimen142
\MPnumerator=\count162
\makeMPintoPDFobject=\count163
\everyMPtoPDFconversion=\toks37
) (c:/texlive/2011/texmf-dist/tex/latex/oberdiek/epstopdf-base.sty
Package: epstopdf-base 2010/02/09 v2.5 Base part for package epstopdf

(c:/texlive/2011/texmf-dist/tex/latex/oberdiek/grfext.sty
Package: grfext 2010/08/19 v1.1 Managing graphics extensions (HO)
)
Package grfext Info: Graphics extension search list:
(grfext)             [.pdf,.jpeg,.png,.jpg,.eps]
(grfext)             \AppendGraphicsExtensions on input line 452.

(c:/texlive/2011/texmf-dist/tex/latex/latexconfig/epstopdf-sys.cfg
File: epstopdf-sys.cfg 2010/07/13 v1.3 Configuration of (r)epstopdf for TeX Liv
e
))
(c:/texlive/2011/texmf-dist/tex/latex/glossaries/dict/glossaries-dictionary-Eng
lish.dict
Dictionary: glossaries-dictionary, Language: English 
)
\c@lstlisting=\count164
\AtBeginShipoutBox=\box38
Package hyperref Info: Link coloring ON on input line 215.
 (c:/texlive/2011/texmf-dist/tex/latex/hyperref/nameref.sty
Package: nameref 2010/04/30 v2.40 Cross-referencing by name of section

(c:/texlive/2011/texmf-dist/tex/generic/oberdiek/gettitlestring.sty
Package: gettitlestring 2010/12/03 v1.4 Cleanup title references (HO)
)
\c@section@level=\count165
)
LaTeX Info: Redefining \ref on input line 215.
LaTeX Info: Redefining \pageref on input line 215.
LaTeX Info: Redefining \nameref on input line 215.

(./Noctua_Machbarkeitsstudie.out) (./Noctua_Machbarkeitsstudie.out)
\@outlinefile=\write8
\openout8 = `Noctua_Machbarkeitsstudie.out'.

\openout2 = `tex/title.aux'.


(./tex/title.tex
LaTeX Font Info:    Try loading font information for T1+cmss on input line 46.
 (c:/texlive/2011/texmf-dist/tex/latex/base/t1cmss.fd
File: t1cmss.fd 1999/05/25 v2.5h Standard LaTeX font definitions
)
<graphics/title/tgmlogo2.png, id=209, 376.5267pt x 121.29315pt>
File: graphics/title/tgmlogo2.png Graphic file (type png)

<use graphics/title/tgmlogo2.png>
Package pdftex.def Info: graphics/title/tgmlogo2.png used on input line 46.
(pdftex.def)             Requested size: 123.58289pt x 39.81032pt.
 [1
Non-PDF special ignored!

\openout4 = `Noctua_Machbarkeitsstudie.xdy'.



{c:/texlive/2011/texmf-var/fonts/map/pdftex/updmap/pdftex.map} <./graphics/titl
e/tgmlogo2.png>]) [2


] (./Noctua_Machbarkeitsstudie.toc
LaTeX Font Info:    Try loading font information for U+msa on input line 4.

(c:/texlive/2011/texmf-dist/tex/latex/amsfonts/umsa.fd
File: umsa.fd 2009/06/22 v3.00 AMS symbols A
)
LaTeX Font Info:    Try loading font information for U+msb on input line 4.

(c:/texlive/2011/texmf-dist/tex/latex/amsfonts/umsb.fd
File: umsb.fd 2009/06/22 v3.00 AMS symbols B
) [1


])
\tf@toc=\write9
\openout9 = `Noctua_Machbarkeitsstudie.toc'.

 [2]
(./Noctua_Machbarkeitsstudie.lof)
\tf@lof=\write10
\openout10 = `Noctua_Machbarkeitsstudie.lof'.

 [3


] [4


] (./Noctua_Machbarkeitsstudie.lol)
\tf@lol=\write11
\openout11 = `Noctua_Machbarkeitsstudie.lol'.


[5]
\openout2 = `tex/nomenclature.aux'.

 (./tex/nomenclature.tex)
No file Noctua_Machbarkeitsstudie.nls.
[6





]
\openout2 = `tex/Einleitung.aux'.

 (./tex/Einleitung.tex

LaTeX Warning: Citation `avellaneda_algorithmic_2011' on page 1 undefined on in
put line 7.

)pdfTeX warning (ext4): destination with the same identifier (name{page.1}) has
 been already used, duplicate ignored
<to be read again> 
                   \relax 
l.269 \include{tex/Einleitung}
                              % [1

]
\openout2 = `tex/fingrundlagen.aux'.

 (./tex/fingrundlagen.tex
Underfull \hbox (badness 10000) in paragraph at lines 7--8

 []


LaTeX Warning: Citation `boerse_wien_funktion' on page 2 undefined on input lin
e 12.


LaTeX Warning: Citation `boerse_frankfurt_funktion' on page 2 undefined on inpu
t line 12.


LaTeX Warning: Citation `gabler_leerverkauf' on page 2 undefined on input line 
13.


LaTeX Warning: Citation `duden_bullenmarkt' on page 2 undefined on input line 1
4.


LaTeX Warning: Citation `duden_baerenmarkt' on page 2 undefined on input line 1
5.


Underfull \hbox (badness 10000) in paragraph at lines 11--17

 []


Underfull \hbox (badness 10000) in paragraph at lines 11--17

 []


LaTeX Warning: Citation `charttec_kursfeststellung' on page 2 undefined on inpu
t line 37.


Underfull \hbox (badness 10000) in paragraph at lines 31--38

 []

pdfTeX warning (ext4): destination with the same identifier (name{page.2}) has 
been already used, duplicate ignored
<to be read again> 
                   \relax 
l.38 
      [2


]

LaTeX Warning: Citation `lo_efficient_market_hypothesis' on page 3 undefined on
 input line 44.


LaTeX Warning: Citation `singer_herdentrieb' on page 3 undefined on input line 
49.

[3]
Underfull \hbox (badness 10000) in paragraph at lines 60--63

 []

[4] [5]

LaTeX Warning: Citation `klinker_exponential_2011' on page 6 undefined on input
 line 85.


LaTeX Warning: Citation `murphy_technische_2004' on page 6 undefined on input l
ine 94.


LaTeX Warning: Reference `wrong_dema_tema' on page 6 undefined on input line 99
.


LaTeX Warning: Citation `mulloy_smoothing_1994' on page 6 undefined on input li
ne 99.


Underfull \hbox (badness 10000) in paragraph at lines 94--100

 []

[6]
<graphics/chapter2/fingrundlagen/wrong_dema_tema.png, id=367, 392.46625pt x 357
.335pt>
File: graphics/chapter2/fingrundlagen/wrong_dema_tema.png Graphic file (type pn
g)
 <use graphics/chapter2/fingrundlagen/wrong_dema_tema.png>
Package pdftex.def Info: graphics/chapter2/fingrundlagen/wrong_dema_tema.png us
ed on input line 115.
(pdftex.def)             Requested size: 148.29466pt x 135.0199pt.

Underfull \hbox (badness 2237) in paragraph at lines 116--116
[]\T1/cmr/m/n/12 Abbildung 1: []Falsche Dou-ble
 []


<graphics/chapter2/fingrundlagen/right_dema_tema.png, id=368, 392.46625pt x 355
.3275pt>
File: graphics/chapter2/fingrundlagen/right_dema_tema.png Graphic file (type pn
g)
 <use graphics/chapter2/fingrundlagen/right_dema_tema.png>
Package pdftex.def Info: graphics/chapter2/fingrundlagen/right_dema_tema.png us
ed on input line 121.
(pdftex.def)             Requested size: 148.29466pt x 134.26135pt.


LaTeX Warning: Citation `etf_hq_dema_tema' on page 7 undefined on input line 12
7.

[7 <./graphics/chapter2/fingrundlagen/wrong_dema_tema.png> <./graphics/chapter2
/fingrundlagen/right_dema_tema.png>]

LaTeX Warning: Citation `charttec_aroon' on page 8 undefined on input line 157.



Underfull \hbox (badness 10000) in paragraph at lines 154--158

 []

[8]
<graphics/chapter2/fingrundlagen/aroon.png, id=383, 532.99126pt x 434.62375pt>
File: graphics/chapter2/fingrundlagen/aroon.png Graphic file (type png)

<use graphics/chapter2/fingrundlagen/aroon.png>
Package pdftex.def Info: graphics/chapter2/fingrundlagen/aroon.png used on inpu
t line 161.
(pdftex.def)             Requested size: 329.55226pt x 268.74106pt.

Underfull \vbox (badness 5533) has occurred while \output is active []

 [9 <./graphics/chapter2/fingrundlagen/aroon.png>]

LaTeX Warning: Citation `asiapac_finance_cci' on page 10 undefined on input lin
e 194.


LaTeX Warning: Citation `godmode_supp_res' on page 10 undefined on input line 1
99.

[10] <graphics/chapter2/msft_sup_res.JPG, id=402, 579.66562pt x 482.55281pt>
File: graphics/chapter2/msft_sup_res.JPG Graphic file (type jpg)

<use graphics/chapter2/msft_sup_res.JPG>
Package pdftex.def Info: graphics/chapter2/msft_sup_res.JPG used on input line 
202.
(pdftex.def)             Requested size: 329.55226pt x 274.34372pt.

<graphics/chapter2/payx_sup_res.JPG, id=403, 569.87906pt x 467.49657pt>
File: graphics/chapter2/payx_sup_res.JPG Graphic file (type jpg)

<use graphics/chapter2/payx_sup_res.JPG>
Package pdftex.def Info: graphics/chapter2/payx_sup_res.JPG used on input line 
209.
(pdftex.def)             Requested size: 329.55226pt x 270.34212pt.

Underfull \vbox (badness 2884) has occurred while \output is active []

 [11 <./graphics/chapter2/msft_sup_res.JPG>] [12 <./graphics/chapter2/payx_sup_
res.JPG>]
Underfull \hbox (badness 10000) in paragraph at lines 234--240

 []

[13]) [14]
\openout2 = `tex/voruntersuchung.aux'.

 (./tex/voruntersuchung.tex
Underfull \hbox (badness 10000) in paragraph at lines 5--18

 []

[15


]
<graphics/chapter2/metatrader5_overview.png, id=429, 373.395pt x 236.082pt>
File: graphics/chapter2/metatrader5_overview.png Graphic file (type png)

<use graphics/chapter2/metatrader5_overview.png>
Package pdftex.def Info: graphics/chapter2/metatrader5_overview.png used on inp
ut line 29.
(pdftex.def)             Requested size: 373.39409pt x 236.0814pt.

<graphics/chapter2/metaeditor_robot_modification.jpg, id=431, 594.22pt x 532.99
126pt>
File: graphics/chapter2/metaeditor_robot_modification.jpg Graphic file (type jp
g)
 <use graphics/chapter2/metaeditor_robot_modification.jpg>
Package pdftex.def Info: graphics/chapter2/metaeditor_robot_modification.jpg us
ed on input line 36.
(pdftex.def)             Requested size: 411.93877pt x 369.50478pt.
 [16 <./graphics/chapter2/metatrader5_overview.png>] [17 <./graphics/chapter2/m
etaeditor_robot_modification.jpg>] [18]) [19] [20]
\openout2 = `tex/pfunktionen.aux'.

 (./tex/pfunktionen.tex [21


]
Underfull \vbox (badness 10000) has occurred while \output is active []

 [22]
[23]
Underfull \hbox (badness 10000) in paragraph at lines 168--168
[]|\T1/cmr/m/n/12 /LF140/ Si-gna-le ge-ne-rie-ren, /LF150/ Trend-
 []

) [24]
\openout2 = `tex/tmachbarkeit.aux'.

 (./tex/tmachbarkeit.tex
Underfull \hbox (badness 10000) in paragraph at lines 13--13
[]|\T1/cmr/m/n/12 Gewicht-
 []


Underfull \hbox (badness 10000) in paragraph at lines 13--13
[]|\T1/cmr/bx/n/12 C++
 []


Underfull \hbox (badness 10000) in paragraph at lines 13--13
[]|\T1/cmr/bx/n/12 Java
 []


Underfull \hbox (badness 10000) in paragraph at lines 13--13
[]|\T1/cmr/bx/n/12 C#F#
 []


Underfull \hbox (badness 2573) in paragraph at lines 14--14
[]|\T1/cmr/m/n/12 Aufwand Co-
 []


Underfull \hbox (badness 10000) in paragraph at lines 15--15
[]|\T1/cmr/m/n/12 Bedienung/
 []


Underfull \hbox (badness 10000) in paragraph at lines 20--20
[]|\T1/cmr/m/n/12 Übertragungs-
 []


Underfull \hbox (badness 10000) in paragraph at lines 21--21
[]|\T1/cmr/m/n/12 Absturz-
 []


Underfull \hbox (badness 10000) in paragraph at lines 22--22
[]|\T1/cmr/m/n/12 Ressourcen-
 []


Underfull \hbox (badness 10000) in paragraph at lines 27--27
[]|\T1/cmr/m/n/12 Betriebs-
 []


Underfull \hbox (badness 10000) in paragraph at lines 28--28
[]|\T1/cmr/m/n/12 Dokumen-
 []


Underfull \hbox (badness 10000) in paragraph at lines 31--31
[]|\T1/cmr/m/n/12 Voll-
 []


Overfull \hbox (2.25421pt too wide) in paragraph at lines 11--35
 [] |
 []


Underfull \vbox (badness 10000) has occurred while \output is active []

 [25


]
Underfull \hbox (badness 10000) in paragraph at lines 57--58

 []

[26]
LaTeX Font Info:    Try loading font information for OMS+cmr on input line 66.
 (c:/texlive/2011/texmf-dist/tex/latex/base/omscmr.fd
File: omscmr.fd 1999/05/25 v2.5h Standard LaTeX font definitions
)
LaTeX Font Info:    Font shape `OMS/cmr/m/n' in size <12> not available
(Font)              Font shape `OMS/cmsy/m/n' tried instead on input line 66.
)
Underfull \hbox (badness 10000) in paragraph at lines 71--273

 []


Underfull \hbox (badness 10000) in paragraph at lines 71--273

 []


Underfull \hbox (badness 10000) in paragraph at lines 71--273

 []

[27] [28] [29]
\openout2 = `tex/wirmachbarkeit.aux'.

 (./tex/wirmachbarkeit.tex
<graphics/wirmachbarkeit/FunctionPointsAnalysis.JPG, id=495, 396.88275pt x 440.
847pt>
File: graphics/wirmachbarkeit/FunctionPointsAnalysis.JPG Graphic file (type jpg
)
 <use graphics/wirmachbarkeit/FunctionPointsAnalysis.JPG>
Package pdftex.def Info: graphics/wirmachbarkeit/FunctionPointsAnalysis.JPG use
d on input line 11.
(pdftex.def)             Requested size: 329.55226pt x 366.05763pt.

<graphics/wirmachbarkeit/IBM_FPS_Analysis.png, id=496, 689.57625pt x 284.06125p
t>
File: graphics/wirmachbarkeit/IBM_FPS_Analysis.png Graphic file (type png)
 <use graphics/wirmachbarkeit/IBM_FPS_Analysis.png>
Package pdftex.def Info: graphics/wirmachbarkeit/IBM_FPS_Analysis.png used on i
nput line 18.
(pdftex.def)             Requested size: 329.55226pt x 135.75401pt.

Underfull \hbox (badness 10000) in paragraph at lines 24--30

 []


Underfull \hbox (badness 10000) in paragraph at lines 33--36

 []

[30


 <./graphics/wirmachbarkeit/FunctionPointsAnalysis.JPG>]
Underfull \hbox (badness 10000) in paragraph at lines 46--54

 []


Underfull \hbox (badness 10000) in paragraph at lines 46--54

 []

[31 <./graphics/wirmachbarkeit/IBM_FPS_Analysis.png>]
Underfull \hbox (badness 10000) in paragraph at lines 59--61

 []


Underfull \hbox (badness 10000) in paragraph at lines 82--84

 []

[32]
Underfull \hbox (badness 10000) in paragraph at lines 89--92

 []


Underfull \hbox (badness 10000) in paragraph at lines 93--94

 []


Underfull \hbox (badness 10000) in paragraph at lines 93--94

 []


Underfull \hbox (badness 10000) in paragraph at lines 95--98

 []


Underfull \hbox (badness 10000) in paragraph at lines 99--101

 []


Underfull \hbox (badness 10000) in paragraph at lines 99--101

 []


Underfull \hbox (badness 10000) in paragraph at lines 102--105

 []

[33]) [34]
\openout2 = `tex/Projektorganisation.aux'.

 (./tex/Projektorganisation.tex
<graphics/wirmachbarkeit/Projektorganisation.PNG, id=520, 261.22594pt x 444.159
38pt>
File: graphics/wirmachbarkeit/Projektorganisation.PNG Graphic file (type png)
 <use graphics/wirmachbarkeit/Projektorganisation.PNG>
Package pdftex.def Info: graphics/wirmachbarkeit/Projektorganisation.PNG used o
n input line 7.
(pdftex.def)             Requested size: 247.16577pt x 420.26144pt.
) [35


 <./graphics/wirmachbarkeit/Projektorganisation.PNG>]
(c:/texlive/2011/texmf-dist/tex/generic/babel/babel.sty)
No file Noctua_Machbarkeitsstudie.acr.
(c:/texlive/2011/texmf-dist/tex/generic/babel/babel.sty)
No file Noctua_Machbarkeitsstudie.acr.
[36

]
\openout2 = `tex/appendix.aux'.

 (./tex/appendix.tex
Anhang A.
) [37


] [38


]
No file Noctua_Machbarkeitsstudie.bbl.
\openout2 = `tex/eid.aux'.

(./tex/eid.tex)
Underfull \hbox (badness 10000) in paragraph at lines 12--313

 []

[39

] [40]
Package atveryend Info: Empty hook `BeforeClearDocument' on input line 317.
Package atveryend Info: Empty hook `AfterLastShipout' on input line 317.
 (./Noctua_Machbarkeitsstudie.aux (./tex/title.aux)
(./tex/nomenclature.aux) (./tex/Einleitung.aux) (./tex/fingrundlagen.aux)
(./tex/voruntersuchung.aux) (./tex/pfunktionen.aux) (./tex/tmachbarkeit.aux)
(./tex/wirmachbarkeit.aux) (./tex/Projektorganisation.aux) (./tex/appendix.aux)
(./tex/eid.aux))
Package atveryend Info: Executing hook `AtVeryEndDocument' on input line 317.
Package atveryend Info: Executing hook `AtEndAfterFileList' on input line 317.
Package rerunfilecheck Info: File `Noctua_Machbarkeitsstudie.out' has not chang
ed.
(rerunfilecheck)             Checksum: EADA1F7A6D4576D50806120ED240FD89;3802.


LaTeX Warning: There were undefined references.

 ) 
Here is how much of TeX's memory you used:
 12508 strings out of 493633
 177681 string characters out of 3146745
 352633 words of memory out of 3000000
 15318 multiletter control sequences out of 15000+200000
 24705 words of font info for 60 fonts, out of 3000000 for 9000
 845 hyphenation exceptions out of 8191
 31i,9n,43p,2389b,489s stack positions out of 5000i,500n,10000p,200000b,50000s
{c:/texlive/2011/texmf-dist/fonts/enc/dvips/cm-super/cm-super-t1.enc}<c:/texl
ive/2011/texmf-dist/fonts/type1/public/amsfonts/cm/cmex10.pfb><c:/texlive/2011/
texmf-dist/fonts/type1/public/amsfonts/cm/cmmi12.pfb><c:/texlive/2011/texmf-dis
t/fonts/type1/public/amsfonts/cm/cmmi8.pfb><c:/texlive/2011/texmf-dist/fonts/ty
pe1/public/amsfonts/cm/cmr12.pfb><c:/texlive/2011/texmf-dist/fonts/type1/public
/amsfonts/cm/cmr8.pfb><c:/texlive/2011/texmf-dist/fonts/type1/public/amsfonts/c
m/cmsy10.pfb><c:/texlive/2011/texmf-dist/fonts/type1/public/amsfonts/cm/cmsy8.p
fb><c:/texlive/2011/texmf-dist/fonts/type1/public/eurosym/feymr10.pfb><c:/texli
ve/2011/texmf-dist/fonts/type1/public/cm-super/sfbx1200.pfb><c:/texlive/2011/te
xmf-dist/fonts/type1/public/cm-super/sfbx1440.pfb><c:/texlive/2011/texmf-dist/f
onts/type1/public/cm-super/sfbx1728.pfb><c:/texlive/2011/texmf-dist/fonts/type1
/public/cm-super/sfrm0700.pfb><c:/texlive/2011/texmf-dist/fonts/type1/public/cm
-super/sfrm0800.pfb><c:/texlive/2011/texmf-dist/fonts/type1/public/cm-super/sfr
m1000.pfb><c:/texlive/2011/texmf-dist/fonts/type1/public/cm-super/sfrm1200.pfb>
<c:/texlive/2011/texmf-dist/fonts/type1/public/cm-super/sfsl1200.pfb><c:/texliv
e/2011/texmf-dist/fonts/type1/public/cm-super/sfss1200.pfb><c:/texlive/2011/tex
mf-dist/fonts/type1/public/cm-super/sfss1440.pfb><c:/texlive/2011/texmf-dist/fo
nts/type1/public/cm-super/sfss1728.pfb><c:/texlive/2011/texmf-dist/fonts/type1/
public/cm-super/sfss2074.pfb><c:/texlive/2011/texmf-dist/fonts/type1/public/cm-
super/sfss2488.pfb><c:/texlive/2011/texmf-dist/fonts/type1/public/cm-super/sfsx
2074.pfb><c:/texlive/2011/texmf-dist/fonts/type1/public/cm-super/sfti1200.pfb>
Output written on Noctua_Machbarkeitsstudie.pdf (48 pages, 1253651 bytes).
PDF statistics:
 653 PDF objects out of 1000 (max. 8388607)
 561 compressed objects within 6 object streams
 123 named destinations out of 1000 (max. 500000)
 464 words of extra memory for PDF output out of 10000 (max. 10000000)

